<?xml version="1.0" encoding="UTF-8"?>
<!-- Generated by org.testng.reporters.JUnitReportReporter -->
<testsuite hostname="LAPTOP-HR2P9826" failures="0" tests="2" name="tests.SuperLogin" time="17.743" errors="0" timestamp="2022-07-06T22:36:44 IST" skipped="0">
  <testcase classname="tests.SuperLogin" name="login" time="7.821"/>
  <system-out/>
  <testcase classname="tests.SuperLogin" name="login" time="9.922"/>
  <system-out/>
</testsuite> <!-- tests.SuperLogin -->
