<?xml version="1.0" encoding="UTF-8"?>
<!-- Generated by org.testng.reporters.JUnitReportReporter -->
<testsuite hostname="LAPTOP-HR2P9826" failures="0" tests="1" name="tests.RegisterTest" time="11.873" errors="0" timestamp="2022-07-07T00:11:12 IST" skipped="0">
  <testcase classname="tests.RegisterTest" name="register" time="11.873"/>
  <system-out/>
</testsuite> <!-- tests.RegisterTest -->
