<?xml version="1.0" encoding="UTF-8"?>
<!-- Generated by org.testng.reporters.JUnitReportReporter -->
<testsuite hostname="LAPTOP-HR2P9826" failures="0" tests="2" name="tests.SuperLoginTest" time="14.529" errors="0" timestamp="2022-07-07T00:11:12 IST" skipped="0">
  <testcase classname="tests.SuperLoginTest" name="login" time="7.352"/>
  <system-out/>
  <testcase classname="tests.SuperLoginTest" name="login" time="7.177"/>
  <system-out/>
</testsuite> <!-- tests.SuperLoginTest -->
