<?xml version="1.0" encoding="UTF-8"?>
<!-- Generated by org.testng.reporters.JUnitReportReporter -->
<testsuite hostname="LAPTOP-HR2P9826" failures="0" tests="1" name="tests.FourTest" time="0.002" errors="0" timestamp="2022-07-07T00:11:12 IST" skipped="0">
  <testcase classname="tests.FourTest" name="fourTest" time="0.002"/>
  <system-out/>
</testsuite> <!-- tests.FourTest -->
