<?xml version="1.0" encoding="UTF-8"?>
<!-- Generated by org.testng.reporters.JUnitReportReporter -->
<testsuite hostname="LAPTOP-HR2P9826" failures="0" tests="1" name="tests.ThreeTest" time="0.004" errors="0" timestamp="2022-07-07T00:11:12 IST" skipped="0">
  <testcase classname="tests.ThreeTest" name="threeTest" time="0.004"/>
  <system-out/>
</testsuite> <!-- tests.ThreeTest -->
